<?xml version="1.0" encoding="UTF-8"?>
<!-- Generated by org.testng.reporters.JUnitReportReporter -->
<testsuite hostname="lin80021186" failures="0" tests="1" name="testoprations.Login" time="21.076" errors="0" timestamp="2023-09-13T13:19:21 IST" skipped="0">
  <testcase classname="testoprations.Login" name="test01" time="21.076"/>
</testsuite> <!-- testoprations.Login -->
